<?xml version="1.0" encoding="UTF-8"?>
<testsuite name="com.github.click.nd.rest.repository.ResourceRepositoryTest" tests="3" skipped="0" failures="0" errors="0" timestamp="2022-11-29T13:54:31" hostname="LAPTOP-JB9I88VC" time="0.907">
  <properties/>
  <testcase name="repositoryShouldSuccessfullyFindAllResources()" classname="com.github.click.nd.rest.repository.ResourceRepositoryTest" time="0.872"/>
  <testcase name="repositoryShouldSuccessfullySaveResourceTest()" classname="com.github.click.nd.rest.repository.ResourceRepositoryTest" time="0.014"/>
  <testcase name="repositoryShouldSuccessfullyDeleteAllResourcesTest()" classname="com.github.click.nd.rest.repository.ResourceRepositoryTest" time="0.019"/>
  <system-out><![CDATA[16:54:29.422 [Test worker] DEBUG org.springframework.test.context.BootstrapUtils - Instantiating CacheAwareContextLoaderDelegate from class [org.springframework.test.context.cache.DefaultCacheAwareContextLoaderDelegate]
16:54:29.436 [Test worker] DEBUG org.springframework.test.context.BootstrapUtils - Instantiating BootstrapContext using constructor [public org.springframework.test.context.support.DefaultBootstrapContext(java.lang.Class,org.springframework.test.context.CacheAwareContextLoaderDelegate)]
16:54:29.481 [Test worker] DEBUG org.springframework.test.context.BootstrapUtils - Instantiating TestContextBootstrapper for test class [com.github.click.nd.rest.repository.ResourceRepositoryTest] from class [org.springframework.boot.test.context.SpringBootTestContextBootstrapper]
16:54:29.502 [Test worker] INFO org.springframework.boot.test.context.SpringBootTestContextBootstrapper - Neither @ContextConfiguration nor @ContextHierarchy found for test class [com.github.click.nd.rest.repository.ResourceRepositoryTest], using SpringBootContextLoader
16:54:29.508 [Test worker] DEBUG org.springframework.test.context.support.AbstractContextLoader - Did not detect default resource location for test class [com.github.click.nd.rest.repository.ResourceRepositoryTest]: class path resource [com/github/click/nd/rest/repository/ResourceRepositoryTest-context.xml] does not exist
16:54:29.509 [Test worker] DEBUG org.springframework.test.context.support.AbstractContextLoader - Did not detect default resource location for test class [com.github.click.nd.rest.repository.ResourceRepositoryTest]: class path resource [com/github/click/nd/rest/repository/ResourceRepositoryTestContext.groovy] does not exist
16:54:29.509 [Test worker] INFO org.springframework.test.context.support.AbstractContextLoader - Could not detect default resource locations for test class [com.github.click.nd.rest.repository.ResourceRepositoryTest]: no resource found for suffixes {-context.xml, Context.groovy}.
16:54:29.578 [Test worker] DEBUG org.springframework.test.context.support.ActiveProfilesUtils - Could not find an 'annotation declaring class' for annotation type [org.springframework.test.context.ActiveProfiles] and class [com.github.click.nd.rest.repository.ResourceRepositoryTest]
16:54:29.703 [Test worker] DEBUG org.springframework.boot.test.context.SpringBootTestContextBootstrapper - @TestExecutionListeners is not present for class [com.github.click.nd.rest.repository.ResourceRepositoryTest]: using defaults.
16:54:29.703 [Test worker] INFO org.springframework.boot.test.context.SpringBootTestContextBootstrapper - Loaded default TestExecutionListener class names from location [META-INF/spring.factories]: [org.springframework.boot.test.autoconfigure.restdocs.RestDocsTestExecutionListener, org.springframework.boot.test.autoconfigure.web.client.MockRestServiceServerResetTestExecutionListener, org.springframework.boot.test.autoconfigure.web.servlet.MockMvcPrintOnlyOnFailureTestExecutionListener, org.springframework.boot.test.autoconfigure.web.servlet.WebDriverTestExecutionListener, org.springframework.boot.test.autoconfigure.webservices.client.MockWebServiceServerTestExecutionListener, org.springframework.boot.test.mock.mockito.MockitoTestExecutionListener, org.springframework.boot.test.mock.mockito.ResetMocksTestExecutionListener, org.springframework.test.context.web.ServletTestExecutionListener, org.springframework.test.context.support.DirtiesContextBeforeModesTestExecutionListener, org.springframework.test.context.event.ApplicationEventsTestExecutionListener, org.springframework.test.context.support.DependencyInjectionTestExecutionListener, org.springframework.test.context.support.DirtiesContextTestExecutionListener, org.springframework.test.context.transaction.TransactionalTestExecutionListener, org.springframework.test.context.jdbc.SqlScriptsTestExecutionListener, org.springframework.test.context.event.EventPublishingTestExecutionListener]
16:54:29.721 [Test worker] INFO org.springframework.boot.test.context.SpringBootTestContextBootstrapper - Using TestExecutionListeners: [org.springframework.test.context.web.ServletTestExecutionListener@71984c3, org.springframework.test.context.support.DirtiesContextBeforeModesTestExecutionListener@165b2f7f, org.springframework.test.context.event.ApplicationEventsTestExecutionListener@5536379e, org.springframework.boot.test.mock.mockito.MockitoTestExecutionListener@277f7dd3, org.springframework.boot.test.autoconfigure.SpringBootDependencyInjectionTestExecutionListener@6c8bca63, org.springframework.test.context.support.DirtiesContextTestExecutionListener@2364305a, org.springframework.test.context.transaction.TransactionalTestExecutionListener@470a696f, org.springframework.test.context.jdbc.SqlScriptsTestExecutionListener@1bc715b8, org.springframework.test.context.event.EventPublishingTestExecutionListener@292d1c71, org.springframework.boot.test.autoconfigure.restdocs.RestDocsTestExecutionListener@2b491fee, org.springframework.boot.test.autoconfigure.web.client.MockRestServiceServerResetTestExecutionListener@3f1c5af9, org.springframework.boot.test.autoconfigure.web.servlet.MockMvcPrintOnlyOnFailureTestExecutionListener@1c55f277, org.springframework.boot.test.autoconfigure.web.servlet.WebDriverTestExecutionListener@5ddabb18, org.springframework.boot.test.autoconfigure.webservices.client.MockWebServiceServerTestExecutionListener@3e8f7922, org.springframework.boot.test.mock.mockito.ResetMocksTestExecutionListener@63192798]
16:54:29.725 [Test worker] DEBUG org.springframework.test.context.support.AbstractDirtiesContextTestExecutionListener - Before test class: context [DefaultTestContext@73c60324 testClass = ResourceRepositoryTest, testInstance = [null], testMethod = [null], testException = [null], mergedContextConfiguration = [WebMergedContextConfiguration@71ae31b0 testClass = ResourceRepositoryTest, locations = '{}', classes = '{class com.github.click.nd.rest.repository.ResourceRepositoryTest$TestConfiguration}', contextInitializerClasses = '[]', activeProfiles = '{}', propertySourceLocations = '{}', propertySourceProperties = '{org.springframework.boot.test.context.SpringBootTestContextBootstrapper=true}', contextCustomizers = set[org.springframework.boot.test.autoconfigure.actuate.metrics.MetricsExportContextCustomizerFactory$DisableMetricExportContextCustomizer@176b3f44, org.springframework.boot.test.autoconfigure.properties.PropertyMappingContextCustomizer@0, org.springframework.boot.test.autoconfigure.web.servlet.WebDriverContextCustomizerFactory$Customizer@142269f2, org.springframework.boot.test.context.filter.ExcludeFilterContextCustomizer@6aa3a905, org.springframework.boot.test.json.DuplicateJsonObjectContextCustomizerFactory$DuplicateJsonObjectContextCustomizer@324a0017, org.springframework.boot.test.mock.mockito.MockitoContextCustomizer@0, org.springframework.boot.test.web.client.TestRestTemplateContextCustomizer@45fd9a4d, org.springframework.boot.test.context.SpringBootTestArgs@1, org.springframework.boot.test.context.SpringBootTestWebEnvironment@543588e6], resourceBasePath = 'src/main/webapp', contextLoader = 'org.springframework.boot.test.context.SpringBootContextLoader', parent = [null]], attributes = map['org.springframework.test.context.web.ServletTestExecutionListener.activateListener' -> true]], class annotated with @DirtiesContext [false] with mode [null].

  .   ____          _            __ _ _
 /\\ / ___'_ __ _ _(_)_ __  __ _ \ \ \ \
( ( )\___ | '_ | '_| | '_ \/ _` | \ \ \ \
 \\/  ___)| |_)| | | | | || (_| |  ) ) ) )
  '  |____| .__|_| |_|_| |_\__, | / / / /
 =========|_|==============|___/=/_/_/_/
 :: Spring Boot ::                (v2.7.5)

2022-11-29 16:54:30.083  INFO 8788 --- [    Test worker] c.g.c.n.r.r.ResourceRepositoryTest       : Starting ResourceRepositoryTest using Java 18.0.1.1 on LAPTOP-JB9I88VC with PID 8788 (started by Никита in D:\Study\Senior\TPIS\Course Project\generation-service\base-crud-app)
2022-11-29 16:54:30.085  INFO 8788 --- [    Test worker] c.g.c.n.r.r.ResourceRepositoryTest       : No active profile set, falling back to 1 default profile: "default"
2022-11-29 16:54:30.319  INFO 8788 --- [    Test worker] .s.d.r.c.RepositoryConfigurationDelegate : Multiple Spring Data modules found, entering strict repository configuration mode
2022-11-29 16:54:30.320  INFO 8788 --- [    Test worker] .s.d.r.c.RepositoryConfigurationDelegate : Bootstrapping Spring Data MongoDB repositories in DEFAULT mode.
2022-11-29 16:54:30.345  INFO 8788 --- [    Test worker] .s.d.r.c.RepositoryConfigurationDelegate : Finished Spring Data repository scanning in 18 ms. Found 0 MongoDB repository interfaces.
2022-11-29 16:54:30.535  INFO 8788 --- [    Test worker] d.bwaldvogel.mongo.backend.h2.H2Backend  : opening MVStore in 'database.mv'
2022-11-29 16:54:30.596  INFO 8788 --- [    Test worker] d.bwaldvogel.mongo.backend.h2.H2Backend  : opening database 'testdb'
2022-11-29 16:54:30.626  INFO 8788 --- [    Test worker] d.b.mongo.backend.AbstractMongoBackend   : created database testdb
2022-11-29 16:54:30.924  INFO 8788 --- [    Test worker] de.bwaldvogel.mongo.MongoServer          : started MongoServer(port: 27017, ssl: false)
2022-11-29 16:54:31.097  INFO 8788 --- [    Test worker] org.mongodb.driver.client                : MongoClient with metadata {"driver": {"name": "mongo-java-driver|sync", "version": "4.6.1"}, "os": {"type": "Windows", "name": "Windows 10", "architecture": "amd64", "version": "10.0"}, "platform": "Java/Oracle Corporation/18.0.1.1+2-6"} created with settings MongoClientSettings{readPreference=primary, writeConcern=WriteConcern{w=null, wTimeout=null ms, journal=null}, retryWrites=true, retryReads=true, readConcern=ReadConcern{level=null}, credential=null, streamFactoryFactory=null, commandListeners=[], codecRegistry=ProvidersCodecRegistry{codecProviders=[ValueCodecProvider{}, BsonValueCodecProvider{}, DBRefCodecProvider{}, DBObjectCodecProvider{}, DocumentCodecProvider{}, IterableCodecProvider{}, MapCodecProvider{}, GeoJsonCodecProvider{}, GridFSFileCodecProvider{}, Jsr310CodecProvider{}, JsonObjectCodecProvider{}, BsonCodecProvider{}, EnumCodecProvider{}, com.mongodb.Jep395RecordCodecProvider@1921994e]}, clusterSettings={hosts=[127.0.0.1:27017], srvServiceName=mongodb, mode=SINGLE, requiredClusterType=UNKNOWN, requiredReplicaSetName='null', serverSelector='null', clusterListeners='[]', serverSelectionTimeout='30000 ms', localThreshold='30000 ms'}, socketSettings=SocketSettings{connectTimeoutMS=10000, readTimeoutMS=0, receiveBufferSize=0, sendBufferSize=0}, heartbeatSocketSettings=SocketSettings{connectTimeoutMS=10000, readTimeoutMS=10000, receiveBufferSize=0, sendBufferSize=0}, connectionPoolSettings=ConnectionPoolSettings{maxSize=100, minSize=0, maxWaitTimeMS=120000, maxConnectionLifeTimeMS=0, maxConnectionIdleTimeMS=0, maintenanceInitialDelayMS=0, maintenanceFrequencyMS=60000, connectionPoolListeners=[], maxConnecting=2}, serverSettings=ServerSettings{heartbeatFrequencyMS=10000, minHeartbeatFrequencyMS=500, serverListeners='[]', serverMonitorListeners='[]'}, sslSettings=SslSettings{enabled=false, invalidHostNameAllowed=false, context=null}, applicationName='null', compressorList=[], uuidRepresentation=UNSPECIFIED, serverApi=null, autoEncryptionSettings=null, contextProvider=null}
2022-11-29 16:54:31.112  INFO 8788 --- [-server-worker1] d.b.mongo.wire.MongoWireProtocolHandler  : client [id: 0xafb07266, L:/127.0.0.1:27017 - R:/127.0.0.1:52504] connected
2022-11-29 16:54:31.112  INFO 8788 --- [-server-worker2] d.b.mongo.wire.MongoWireProtocolHandler  : client [id: 0x4a6adf27, L:/127.0.0.1:27017 - R:/127.0.0.1:52505] connected
2022-11-29 16:54:31.261  INFO 8788 --- [127.0.0.1:27017] org.mongodb.driver.connection            : Opened connection [connectionId{localValue:2}] to 127.0.0.1:27017
2022-11-29 16:54:31.261  INFO 8788 --- [127.0.0.1:27017] org.mongodb.driver.connection            : Opened connection [connectionId{localValue:1}] to 127.0.0.1:27017
2022-11-29 16:54:31.262  INFO 8788 --- [127.0.0.1:27017] org.mongodb.driver.cluster               : Monitor thread successfully connected to server with description ServerDescription{address=127.0.0.1:27017, type=STANDALONE, state=CONNECTED, ok=true, minWireVersion=0, maxWireVersion=6, maxDocumentSize=16777216, logicalSessionTimeoutMinutes=null, roundTripTimeNanos=170872300}
2022-11-29 16:54:31.496  INFO 8788 --- [    Test worker] org.mongodb.driver.client                : MongoClient with metadata {"driver": {"name": "mongo-java-driver|sync", "version": "4.6.1"}, "os": {"type": "Windows", "name": "Windows 10", "architecture": "amd64", "version": "10.0"}, "platform": "Java/Oracle Corporation/18.0.1.1+2-6"} created with settings MongoClientSettings{readPreference=primary, writeConcern=WriteConcern{w=null, wTimeout=null ms, journal=null}, retryWrites=true, retryReads=true, readConcern=ReadConcern{level=null}, credential=null, streamFactoryFactory=null, commandListeners=[], codecRegistry=ProvidersCodecRegistry{codecProviders=[ValueCodecProvider{}, BsonValueCodecProvider{}, DBRefCodecProvider{}, DBObjectCodecProvider{}, DocumentCodecProvider{}, IterableCodecProvider{}, MapCodecProvider{}, GeoJsonCodecProvider{}, GridFSFileCodecProvider{}, Jsr310CodecProvider{}, JsonObjectCodecProvider{}, BsonCodecProvider{}, EnumCodecProvider{}, com.mongodb.Jep395RecordCodecProvider@1921994e]}, clusterSettings={hosts=[127.0.0.1:27017], srvServiceName=mongodb, mode=SINGLE, requiredClusterType=UNKNOWN, requiredReplicaSetName='null', serverSelector='null', clusterListeners='[]', serverSelectionTimeout='30000 ms', localThreshold='30000 ms'}, socketSettings=SocketSettings{connectTimeoutMS=10000, readTimeoutMS=0, receiveBufferSize=0, sendBufferSize=0}, heartbeatSocketSettings=SocketSettings{connectTimeoutMS=10000, readTimeoutMS=10000, receiveBufferSize=0, sendBufferSize=0}, connectionPoolSettings=ConnectionPoolSettings{maxSize=100, minSize=0, maxWaitTimeMS=120000, maxConnectionLifeTimeMS=0, maxConnectionIdleTimeMS=0, maintenanceInitialDelayMS=0, maintenanceFrequencyMS=60000, connectionPoolListeners=[], maxConnecting=2}, serverSettings=ServerSettings{heartbeatFrequencyMS=10000, minHeartbeatFrequencyMS=500, serverListeners='[]', serverMonitorListeners='[]'}, sslSettings=SslSettings{enabled=false, invalidHostNameAllowed=false, context=null}, applicationName='null', compressorList=[], uuidRepresentation=UNSPECIFIED, serverApi=null, autoEncryptionSettings=null, contextProvider=null}
2022-11-29 16:54:31.500  INFO 8788 --- [-server-worker3] d.b.mongo.wire.MongoWireProtocolHandler  : client [id: 0xd112b181, L:/127.0.0.1:27017 - R:/127.0.0.1:52506] connected
2022-11-29 16:54:31.500  INFO 8788 --- [-server-worker4] d.b.mongo.wire.MongoWireProtocolHandler  : client [id: 0xa95b6be0, L:/127.0.0.1:27017 - R:/127.0.0.1:52507] connected
2022-11-29 16:54:31.508  INFO 8788 --- [127.0.0.1:27017] org.mongodb.driver.connection            : Opened connection [connectionId{localValue:3}] to 127.0.0.1:27017
2022-11-29 16:54:31.508  INFO 8788 --- [127.0.0.1:27017] org.mongodb.driver.connection            : Opened connection [connectionId{localValue:4}] to 127.0.0.1:27017
2022-11-29 16:54:31.509  INFO 8788 --- [127.0.0.1:27017] org.mongodb.driver.cluster               : Monitor thread successfully connected to server with description ServerDescription{address=127.0.0.1:27017, type=STANDALONE, state=CONNECTED, ok=true, minWireVersion=0, maxWireVersion=6, maxDocumentSize=16777216, logicalSessionTimeoutMinutes=null, roundTripTimeNanos=11050800}
2022-11-29 16:54:31.551  INFO 8788 --- [    Test worker] c.g.c.n.r.r.ResourceRepositoryTest       : Started ResourceRepositoryTest in 1.771 seconds (JVM running for 3.291)
2022-11-29 16:54:32.372  INFO 8788 --- [-server-worker5] d.b.mongo.wire.MongoWireProtocolHandler  : client [id: 0xd18c3333, L:/127.0.0.1:27017 - R:/127.0.0.1:52508] connected
2022-11-29 16:54:32.376  INFO 8788 --- [    Test worker] org.mongodb.driver.connection            : Opened connection [connectionId{localValue:5}] to 127.0.0.1:27017
2022-11-29 16:54:32.391 ERROR 8788 --- [-server-worker5] d.b.mongo.wire.MongoWireProtocolHandler  : failed to handle {"drop" : "resources", "$db" : "testdb"}

de.bwaldvogel.mongo.exception.MongoSilentServerException: ns not found
	at de.bwaldvogel.mongo.backend.AbstractMongoDatabase.commandDrop(AbstractMongoDatabase.java:524) ~[mongo-java-server-core-1.43.0.jar:na]
	at de.bwaldvogel.mongo.backend.AbstractMongoDatabase.handleCommand(AbstractMongoDatabase.java:142) ~[mongo-java-server-core-1.43.0.jar:na]
	at de.bwaldvogel.mongo.backend.AbstractMongoBackend.handleCommand(AbstractMongoBackend.java:337) ~[mongo-java-server-core-1.43.0.jar:na]
	at de.bwaldvogel.mongo.backend.AbstractMongoBackend.handleMessage(AbstractMongoBackend.java:410) ~[mongo-java-server-core-1.43.0.jar:na]
	at de.bwaldvogel.mongo.wire.MongoDatabaseHandler.handleMessage(MongoDatabaseHandler.java:72) ~[mongo-java-server-core-1.43.0.jar:na]
	at de.bwaldvogel.mongo.wire.MongoDatabaseHandler.channelRead0(MongoDatabaseHandler.java:61) ~[mongo-java-server-core-1.43.0.jar:na]
	at de.bwaldvogel.mongo.wire.MongoDatabaseHandler.channelRead0(MongoDatabaseHandler.java:26) ~[mongo-java-server-core-1.43.0.jar:na]
	at io.netty.channel.SimpleChannelInboundHandler.channelRead(SimpleChannelInboundHandler.java:99) ~[netty-transport-4.1.84.Final.jar:4.1.84.Final]
	at io.netty.channel.AbstractChannelHandlerContext.invokeChannelRead(AbstractChannelHandlerContext.java:444) ~[netty-transport-4.1.84.Final.jar:4.1.84.Final]
	at io.netty.channel.AbstractChannelHandlerContext.invokeChannelRead(AbstractChannelHandlerContext.java:420) ~[netty-transport-4.1.84.Final.jar:4.1.84.Final]
	at io.netty.channel.AbstractChannelHandlerContext.fireChannelRead(AbstractChannelHandlerContext.java:412) ~[netty-transport-4.1.84.Final.jar:4.1.84.Final]
	at io.netty.handler.codec.ByteToMessageDecoder.fireChannelRead(ByteToMessageDecoder.java:336) ~[netty-codec-4.1.84.Final.jar:4.1.84.Final]
	at io.netty.handler.codec.ByteToMessageDecoder.channelRead(ByteToMessageDecoder.java:308) ~[netty-codec-4.1.84.Final.jar:4.1.84.Final]
	at io.netty.channel.AbstractChannelHandlerContext.invokeChannelRead(AbstractChannelHandlerContext.java:444) ~[netty-transport-4.1.84.Final.jar:4.1.84.Final]
	at io.netty.channel.AbstractChannelHandlerContext.invokeChannelRead(AbstractChannelHandlerContext.java:420) ~[netty-transport-4.1.84.Final.jar:4.1.84.Final]
	at io.netty.channel.AbstractChannelHandlerContext.fireChannelRead(AbstractChannelHandlerContext.java:412) ~[netty-transport-4.1.84.Final.jar:4.1.84.Final]
	at io.netty.channel.DefaultChannelPipeline$HeadContext.channelRead(DefaultChannelPipeline.java:1410) ~[netty-transport-4.1.84.Final.jar:4.1.84.Final]
	at io.netty.channel.AbstractChannelHandlerContext.invokeChannelRead(AbstractChannelHandlerContext.java:440) ~[netty-transport-4.1.84.Final.jar:4.1.84.Final]
	at io.netty.channel.AbstractChannelHandlerContext.invokeChannelRead(AbstractChannelHandlerContext.java:420) ~[netty-transport-4.1.84.Final.jar:4.1.84.Final]
	at io.netty.channel.DefaultChannelPipeline.fireChannelRead(DefaultChannelPipeline.java:919) ~[netty-transport-4.1.84.Final.jar:4.1.84.Final]
	at io.netty.channel.nio.AbstractNioByteChannel$NioByteUnsafe.read(AbstractNioByteChannel.java:166) ~[netty-transport-4.1.84.Final.jar:4.1.84.Final]
	at io.netty.channel.nio.NioEventLoop.processSelectedKey(NioEventLoop.java:788) ~[netty-transport-4.1.84.Final.jar:4.1.84.Final]
	at io.netty.channel.nio.NioEventLoop.processSelectedKeysOptimized(NioEventLoop.java:724) ~[netty-transport-4.1.84.Final.jar:4.1.84.Final]
	at io.netty.channel.nio.NioEventLoop.processSelectedKeys(NioEventLoop.java:650) ~[netty-transport-4.1.84.Final.jar:4.1.84.Final]
	at io.netty.channel.nio.NioEventLoop.run(NioEventLoop.java:562) ~[netty-transport-4.1.84.Final.jar:4.1.84.Final]
	at io.netty.util.concurrent.SingleThreadEventExecutor$4.run(SingleThreadEventExecutor.java:997) ~[netty-common-4.1.84.Final.jar:4.1.84.Final]
	at io.netty.util.internal.ThreadExecutorMap$2.run(ThreadExecutorMap.java:74) ~[netty-common-4.1.84.Final.jar:4.1.84.Final]
	at java.base/java.lang.Thread.run(Thread.java:833) ~[na:na]

2022-11-29 16:54:32.425  INFO 8788 --- [-server-worker5] d.b.mongo.backend.AbstractMongoDatabase  : adding unique _id index for collection resources
2022-11-29 16:54:32.429  INFO 8788 --- [-server-worker5] d.b.mongo.backend.AbstractMongoDatabase  : created collection testdb.resources
2022-11-29 16:54:32.494  INFO 8788 --- [-server-worker5] d.b.mongo.backend.AbstractMongoDatabase  : adding unique _id index for collection resources
2022-11-29 16:54:32.495  INFO 8788 --- [-server-worker5] d.b.mongo.backend.AbstractMongoDatabase  : created collection testdb.resources
2022-11-29 16:54:32.506  INFO 8788 --- [-server-worker5] d.b.mongo.backend.AbstractMongoDatabase  : adding unique _id index for collection resources
2022-11-29 16:54:32.506  INFO 8788 --- [-server-worker5] d.b.mongo.backend.AbstractMongoDatabase  : created collection testdb.resources
]]></system-out>
  <system-err><![CDATA[]]></system-err>
</testsuite>
